[0.365s] DEBUG:colcon:Command line arguments: ['/usr/bin/colcon', 'build']
[0.365s] DEBUG:colcon:Parsed command line arguments: Namespace(log_base=None, log_level=None, verb_name='build', build_base='build', install_base='install', merge_install=False, symlink_install=False, test_result_base=None, continue_on_error=False, executor='parallel', parallel_workers=2, event_handlers=None, ignore_user_meta=False, metas=['./colcon.meta'], base_paths=['.'], packages_ignore=None, packages_ignore_regex=None, paths=None, packages_up_to=None, packages_up_to_regex=None, packages_above=None, packages_above_and_dependencies=None, packages_above_depth=None, packages_select_by_dep=None, packages_skip_by_dep=None, packages_skip_up_to=None, packages_select_build_failed=False, packages_skip_build_finished=False, packages_select_test_failures=False, packages_skip_test_passed=False, packages_select=None, packages_skip=None, packages_select_regex=None, packages_skip_regex=None, packages_start=None, packages_end=None, allow_overriding=[], cmake_args=None, cmake_target=None, cmake_target_skip_unavailable=False, cmake_clean_cache=False, cmake_clean_first=False, cmake_force_configure=False, ament_cmake_args=None, catkin_cmake_args=None, catkin_skip_building_tests=False, mixin_files=None, mixin=None, verb_parser=<colcon_mixin.mixin.mixin_argument.MixinArgumentDecorator object at 0x7abf73959c90>, verb_extension=<colcon_core.verb.build.BuildVerb object at 0x7abf73a5f2e0>, main=<bound method BuildVerb.main of <colcon_core.verb.build.BuildVerb object at 0x7abf73a5f2e0>>, mixin_verb=('build',))
[0.465s] Level 1:colcon.colcon_core.package_discovery:discover_packages(colcon_meta) check parameters
[0.466s] Level 1:colcon.colcon_core.package_discovery:discover_packages(recursive) check parameters
[0.466s] Level 1:colcon.colcon_core.package_discovery:discover_packages(ignore) check parameters
[0.466s] Level 1:colcon.colcon_core.package_discovery:discover_packages(path) check parameters
[0.466s] Level 1:colcon.colcon_core.package_discovery:discover_packages(colcon_meta) discover
[0.466s] Level 1:colcon.colcon_core.package_discovery:discover_packages(recursive) discover
[0.466s] INFO:colcon.colcon_core.package_discovery:Crawling recursively for packages in '/home/arvuser/arv-ws/src/nav_infrastructure'
[0.466s] Level 1:colcon.colcon_core.package_identification:_identify(.) by extensions ['ignore', 'ignore_ament_install']
[0.466s] Level 1:colcon.colcon_core.package_identification:_identify(.) by extension 'ignore'
[0.466s] Level 1:colcon.colcon_core.package_identification:_identify(.) by extension 'ignore_ament_install'
[0.467s] Level 1:colcon.colcon_core.package_identification:_identify(.) by extensions ['colcon_pkg']
[0.467s] Level 1:colcon.colcon_core.package_identification:_identify(.) by extension 'colcon_pkg'
[0.467s] Level 1:colcon.colcon_core.package_identification:_identify(.) by extensions ['colcon_meta']
[0.467s] Level 1:colcon.colcon_core.package_identification:_identify(.) by extension 'colcon_meta'
[0.467s] Level 1:colcon.colcon_core.package_identification:_identify(.) by extensions ['ros']
[0.467s] Level 1:colcon.colcon_core.package_identification:_identify(.) by extension 'ros'
[0.493s] Level 1:colcon.colcon_core.package_identification:_identify(.) by extensions ['cmake', 'python']
[0.493s] Level 1:colcon.colcon_core.package_identification:_identify(.) by extension 'cmake'
[0.493s] Level 1:colcon.colcon_core.package_identification:_identify(.) by extension 'python'
[0.493s] Level 1:colcon.colcon_core.package_identification:_identify(.) by extensions ['python_setup_py']
[0.493s] Level 1:colcon.colcon_core.package_identification:_identify(.) by extension 'python_setup_py'
[0.493s] Level 1:colcon.colcon_core.package_identification:_identify(astar_plugin) by extensions ['ignore', 'ignore_ament_install']
[0.493s] Level 1:colcon.colcon_core.package_identification:_identify(astar_plugin) by extension 'ignore'
[0.493s] Level 1:colcon.colcon_core.package_identification:_identify(astar_plugin) by extension 'ignore_ament_install'
[0.494s] Level 1:colcon.colcon_core.package_identification:_identify(astar_plugin) by extensions ['colcon_pkg']
[0.494s] Level 1:colcon.colcon_core.package_identification:_identify(astar_plugin) by extension 'colcon_pkg'
[0.494s] Level 1:colcon.colcon_core.package_identification:_identify(astar_plugin) by extensions ['colcon_meta']
[0.494s] Level 1:colcon.colcon_core.package_identification:_identify(astar_plugin) by extension 'colcon_meta'
[0.494s] Level 1:colcon.colcon_core.package_identification:_identify(astar_plugin) by extensions ['ros']
[0.494s] Level 1:colcon.colcon_core.package_identification:_identify(astar_plugin) by extension 'ros'
[0.498s] DEBUG:colcon.colcon_core.package_identification:Package 'astar_plugin' with type 'ros.ament_cmake' and name 'astar_plugin'
[0.499s] Level 1:colcon.colcon_core.package_identification:_identify(build) by extensions ['ignore', 'ignore_ament_install']
[0.499s] Level 1:colcon.colcon_core.package_identification:_identify(build) by extension 'ignore'
[0.499s] Level 1:colcon.colcon_core.package_identification:_identify(build) ignored
[0.499s] Level 1:colcon.colcon_core.package_identification:_identify(example_plugins) by extensions ['ignore', 'ignore_ament_install']
[0.499s] Level 1:colcon.colcon_core.package_identification:_identify(example_plugins) by extension 'ignore'
[0.500s] Level 1:colcon.colcon_core.package_identification:_identify(example_plugins) by extension 'ignore_ament_install'
[0.500s] Level 1:colcon.colcon_core.package_identification:_identify(example_plugins) by extensions ['colcon_pkg']
[0.500s] Level 1:colcon.colcon_core.package_identification:_identify(example_plugins) by extension 'colcon_pkg'
[0.500s] Level 1:colcon.colcon_core.package_identification:_identify(example_plugins) by extensions ['colcon_meta']
[0.500s] Level 1:colcon.colcon_core.package_identification:_identify(example_plugins) by extension 'colcon_meta'
[0.500s] Level 1:colcon.colcon_core.package_identification:_identify(example_plugins) by extensions ['ros']
[0.500s] Level 1:colcon.colcon_core.package_identification:_identify(example_plugins) by extension 'ros'
[0.500s] Level 1:colcon.colcon_core.package_identification:_identify(example_plugins) by extensions ['cmake', 'python']
[0.500s] Level 1:colcon.colcon_core.package_identification:_identify(example_plugins) by extension 'cmake'
[0.500s] Level 1:colcon.colcon_core.package_identification:_identify(example_plugins) by extension 'python'
[0.500s] Level 1:colcon.colcon_core.package_identification:_identify(example_plugins) by extensions ['python_setup_py']
[0.500s] Level 1:colcon.colcon_core.package_identification:_identify(example_plugins) by extension 'python_setup_py'
[0.501s] Level 1:colcon.colcon_core.package_identification:_identify(example_plugins/example_path_planner_plugin) by extensions ['ignore', 'ignore_ament_install']
[0.501s] Level 1:colcon.colcon_core.package_identification:_identify(example_plugins/example_path_planner_plugin) by extension 'ignore'
[0.501s] Level 1:colcon.colcon_core.package_identification:_identify(example_plugins/example_path_planner_plugin) by extension 'ignore_ament_install'
[0.501s] Level 1:colcon.colcon_core.package_identification:_identify(example_plugins/example_path_planner_plugin) by extensions ['colcon_pkg']
[0.501s] Level 1:colcon.colcon_core.package_identification:_identify(example_plugins/example_path_planner_plugin) by extension 'colcon_pkg'
[0.501s] Level 1:colcon.colcon_core.package_identification:_identify(example_plugins/example_path_planner_plugin) by extensions ['colcon_meta']
[0.501s] Level 1:colcon.colcon_core.package_identification:_identify(example_plugins/example_path_planner_plugin) by extension 'colcon_meta'
[0.501s] Level 1:colcon.colcon_core.package_identification:_identify(example_plugins/example_path_planner_plugin) by extensions ['ros']
[0.501s] Level 1:colcon.colcon_core.package_identification:_identify(example_plugins/example_path_planner_plugin) by extension 'ros'
[0.502s] DEBUG:colcon.colcon_core.package_identification:Package 'example_plugins/example_path_planner_plugin' with type 'ros.ament_cmake' and name 'example_path_planner_plugin'
[0.502s] Level 1:colcon.colcon_core.package_identification:_identify(infra_common) by extensions ['ignore', 'ignore_ament_install']
[0.502s] Level 1:colcon.colcon_core.package_identification:_identify(infra_common) by extension 'ignore'
[0.502s] Level 1:colcon.colcon_core.package_identification:_identify(infra_common) by extension 'ignore_ament_install'
[0.502s] Level 1:colcon.colcon_core.package_identification:_identify(infra_common) by extensions ['colcon_pkg']
[0.502s] Level 1:colcon.colcon_core.package_identification:_identify(infra_common) by extension 'colcon_pkg'
[0.502s] Level 1:colcon.colcon_core.package_identification:_identify(infra_common) by extensions ['colcon_meta']
[0.502s] Level 1:colcon.colcon_core.package_identification:_identify(infra_common) by extension 'colcon_meta'
[0.502s] Level 1:colcon.colcon_core.package_identification:_identify(infra_common) by extensions ['ros']
[0.502s] Level 1:colcon.colcon_core.package_identification:_identify(infra_common) by extension 'ros'
[0.503s] DEBUG:colcon.colcon_core.package_identification:Package 'infra_common' with type 'ros.ament_cmake' and name 'infra_common'
[0.503s] Level 1:colcon.colcon_core.package_identification:_identify(infra_interfaces) by extensions ['ignore', 'ignore_ament_install']
[0.503s] Level 1:colcon.colcon_core.package_identification:_identify(infra_interfaces) by extension 'ignore'
[0.503s] Level 1:colcon.colcon_core.package_identification:_identify(infra_interfaces) by extension 'ignore_ament_install'
[0.503s] Level 1:colcon.colcon_core.package_identification:_identify(infra_interfaces) by extensions ['colcon_pkg']
[0.503s] Level 1:colcon.colcon_core.package_identification:_identify(infra_interfaces) by extension 'colcon_pkg'
[0.503s] Level 1:colcon.colcon_core.package_identification:_identify(infra_interfaces) by extensions ['colcon_meta']
[0.503s] Level 1:colcon.colcon_core.package_identification:_identify(infra_interfaces) by extension 'colcon_meta'
[0.503s] Level 1:colcon.colcon_core.package_identification:_identify(infra_interfaces) by extensions ['ros']
[0.503s] Level 1:colcon.colcon_core.package_identification:_identify(infra_interfaces) by extension 'ros'
[0.504s] DEBUG:colcon.colcon_core.package_identification:Package 'infra_interfaces' with type 'ros.ament_cmake' and name 'infra_interfaces'
[0.504s] Level 1:colcon.colcon_core.package_identification:_identify(install) by extensions ['ignore', 'ignore_ament_install']
[0.504s] Level 1:colcon.colcon_core.package_identification:_identify(install) by extension 'ignore'
[0.504s] Level 1:colcon.colcon_core.package_identification:_identify(install) ignored
[0.504s] Level 1:colcon.colcon_core.package_identification:_identify(log) by extensions ['ignore', 'ignore_ament_install']
[0.504s] Level 1:colcon.colcon_core.package_identification:_identify(log) by extension 'ignore'
[0.504s] Level 1:colcon.colcon_core.package_identification:_identify(log) ignored
[0.505s] Level 1:colcon.colcon_core.package_identification:_identify(planner_server) by extensions ['ignore', 'ignore_ament_install']
[0.505s] Level 1:colcon.colcon_core.package_identification:_identify(planner_server) by extension 'ignore'
[0.505s] Level 1:colcon.colcon_core.package_identification:_identify(planner_server) by extension 'ignore_ament_install'
[0.505s] Level 1:colcon.colcon_core.package_identification:_identify(planner_server) by extensions ['colcon_pkg']
[0.505s] Level 1:colcon.colcon_core.package_identification:_identify(planner_server) by extension 'colcon_pkg'
[0.505s] Level 1:colcon.colcon_core.package_identification:_identify(planner_server) by extensions ['colcon_meta']
[0.505s] Level 1:colcon.colcon_core.package_identification:_identify(planner_server) by extension 'colcon_meta'
[0.505s] Level 1:colcon.colcon_core.package_identification:_identify(planner_server) by extensions ['ros']
[0.505s] Level 1:colcon.colcon_core.package_identification:_identify(planner_server) by extension 'ros'
[0.506s] DEBUG:colcon.colcon_core.package_identification:Package 'planner_server' with type 'ros.ament_cmake' and name 'planner_server'
[0.506s] Level 1:colcon.colcon_core.package_discovery:discover_packages(recursive) using defaults
[0.506s] Level 1:colcon.colcon_core.package_discovery:discover_packages(ignore) discover
[0.506s] Level 1:colcon.colcon_core.package_discovery:discover_packages(ignore) using defaults
[0.506s] Level 1:colcon.colcon_core.package_discovery:discover_packages(path) discover
[0.506s] Level 1:colcon.colcon_core.package_discovery:discover_packages(path) using defaults
[0.549s] Level 1:colcon.colcon_core.package_discovery:discover_packages(prefix_path) check parameters
[0.549s] Level 1:colcon.colcon_core.package_discovery:discover_packages(prefix_path) discover
[0.555s] DEBUG:colcon.colcon_installed_package_information.package_discovery:Found 363 installed packages in /opt/ros/humble
[0.557s] Level 1:colcon.colcon_core.package_discovery:discover_packages(prefix_path) using defaults
[0.600s] Level 5:colcon.colcon_core.verb:set package 'infra_common' build argument 'cmake_args' from command line to 'None'
[0.601s] Level 5:colcon.colcon_core.verb:set package 'infra_common' build argument 'cmake_target' from command line to 'None'
[0.601s] Level 5:colcon.colcon_core.verb:set package 'infra_common' build argument 'cmake_target_skip_unavailable' from command line to 'False'
[0.601s] Level 5:colcon.colcon_core.verb:set package 'infra_common' build argument 'cmake_clean_cache' from command line to 'False'
[0.601s] Level 5:colcon.colcon_core.verb:set package 'infra_common' build argument 'cmake_clean_first' from command line to 'False'
[0.601s] Level 5:colcon.colcon_core.verb:set package 'infra_common' build argument 'cmake_force_configure' from command line to 'False'
[0.601s] Level 5:colcon.colcon_core.verb:set package 'infra_common' build argument 'ament_cmake_args' from command line to 'None'
[0.601s] Level 5:colcon.colcon_core.verb:set package 'infra_common' build argument 'catkin_cmake_args' from command line to 'None'
[0.601s] Level 5:colcon.colcon_core.verb:set package 'infra_common' build argument 'catkin_skip_building_tests' from command line to 'False'
[0.601s] DEBUG:colcon.colcon_core.verb:Building package 'infra_common' with the following arguments: {'ament_cmake_args': None, 'build_base': '/home/arvuser/arv-ws/src/nav_infrastructure/build/infra_common', 'catkin_cmake_args': None, 'catkin_skip_building_tests': False, 'cmake_args': None, 'cmake_clean_cache': False, 'cmake_clean_first': False, 'cmake_force_configure': False, 'cmake_target': None, 'cmake_target_skip_unavailable': False, 'install_base': '/home/arvuser/arv-ws/src/nav_infrastructure/install/infra_common', 'merge_install': False, 'path': '/home/arvuser/arv-ws/src/nav_infrastructure/infra_common', 'symlink_install': False, 'test_result_base': None}
[0.601s] Level 5:colcon.colcon_core.verb:set package 'infra_interfaces' build argument 'cmake_args' from command line to 'None'
[0.601s] Level 5:colcon.colcon_core.verb:set package 'infra_interfaces' build argument 'cmake_target' from command line to 'None'
[0.601s] Level 5:colcon.colcon_core.verb:set package 'infra_interfaces' build argument 'cmake_target_skip_unavailable' from command line to 'False'
[0.601s] Level 5:colcon.colcon_core.verb:set package 'infra_interfaces' build argument 'cmake_clean_cache' from command line to 'False'
[0.601s] Level 5:colcon.colcon_core.verb:set package 'infra_interfaces' build argument 'cmake_clean_first' from command line to 'False'
[0.601s] Level 5:colcon.colcon_core.verb:set package 'infra_interfaces' build argument 'cmake_force_configure' from command line to 'False'
[0.601s] Level 5:colcon.colcon_core.verb:set package 'infra_interfaces' build argument 'ament_cmake_args' from command line to 'None'
[0.601s] Level 5:colcon.colcon_core.verb:set package 'infra_interfaces' build argument 'catkin_cmake_args' from command line to 'None'
[0.601s] Level 5:colcon.colcon_core.verb:set package 'infra_interfaces' build argument 'catkin_skip_building_tests' from command line to 'False'
[0.601s] DEBUG:colcon.colcon_core.verb:Building package 'infra_interfaces' with the following arguments: {'ament_cmake_args': None, 'build_base': '/home/arvuser/arv-ws/src/nav_infrastructure/build/infra_interfaces', 'catkin_cmake_args': None, 'catkin_skip_building_tests': False, 'cmake_args': None, 'cmake_clean_cache': False, 'cmake_clean_first': False, 'cmake_force_configure': False, 'cmake_target': None, 'cmake_target_skip_unavailable': False, 'install_base': '/home/arvuser/arv-ws/src/nav_infrastructure/install/infra_interfaces', 'merge_install': False, 'path': '/home/arvuser/arv-ws/src/nav_infrastructure/infra_interfaces', 'symlink_install': False, 'test_result_base': None}
[0.602s] Level 5:colcon.colcon_core.verb:set package 'planner_server' build argument 'cmake_args' from command line to 'None'
[0.602s] Level 5:colcon.colcon_core.verb:set package 'planner_server' build argument 'cmake_target' from command line to 'None'
[0.602s] Level 5:colcon.colcon_core.verb:set package 'planner_server' build argument 'cmake_target_skip_unavailable' from command line to 'False'
[0.602s] Level 5:colcon.colcon_core.verb:set package 'planner_server' build argument 'cmake_clean_cache' from command line to 'False'
[0.602s] Level 5:colcon.colcon_core.verb:set package 'planner_server' build argument 'cmake_clean_first' from command line to 'False'
[0.602s] Level 5:colcon.colcon_core.verb:set package 'planner_server' build argument 'cmake_force_configure' from command line to 'False'
[0.602s] Level 5:colcon.colcon_core.verb:set package 'planner_server' build argument 'ament_cmake_args' from command line to 'None'
[0.602s] Level 5:colcon.colcon_core.verb:set package 'planner_server' build argument 'catkin_cmake_args' from command line to 'None'
[0.602s] Level 5:colcon.colcon_core.verb:set package 'planner_server' build argument 'catkin_skip_building_tests' from command line to 'False'
[0.602s] DEBUG:colcon.colcon_core.verb:Building package 'planner_server' with the following arguments: {'ament_cmake_args': None, 'build_base': '/home/arvuser/arv-ws/src/nav_infrastructure/build/planner_server', 'catkin_cmake_args': None, 'catkin_skip_building_tests': False, 'cmake_args': None, 'cmake_clean_cache': False, 'cmake_clean_first': False, 'cmake_force_configure': False, 'cmake_target': None, 'cmake_target_skip_unavailable': False, 'install_base': '/home/arvuser/arv-ws/src/nav_infrastructure/install/planner_server', 'merge_install': False, 'path': '/home/arvuser/arv-ws/src/nav_infrastructure/planner_server', 'symlink_install': False, 'test_result_base': None}
[0.602s] Level 5:colcon.colcon_core.verb:set package 'astar_plugin' build argument 'cmake_args' from command line to 'None'
[0.602s] Level 5:colcon.colcon_core.verb:set package 'astar_plugin' build argument 'cmake_target' from command line to 'None'
[0.602s] Level 5:colcon.colcon_core.verb:set package 'astar_plugin' build argument 'cmake_target_skip_unavailable' from command line to 'False'
[0.602s] Level 5:colcon.colcon_core.verb:set package 'astar_plugin' build argument 'cmake_clean_cache' from command line to 'False'
[0.602s] Level 5:colcon.colcon_core.verb:set package 'astar_plugin' build argument 'cmake_clean_first' from command line to 'False'
[0.602s] Level 5:colcon.colcon_core.verb:set package 'astar_plugin' build argument 'cmake_force_configure' from command line to 'False'
[0.602s] Level 5:colcon.colcon_core.verb:set package 'astar_plugin' build argument 'ament_cmake_args' from command line to 'None'
[0.602s] Level 5:colcon.colcon_core.verb:set package 'astar_plugin' build argument 'catkin_cmake_args' from command line to 'None'
[0.602s] Level 5:colcon.colcon_core.verb:set package 'astar_plugin' build argument 'catkin_skip_building_tests' from command line to 'False'
[0.602s] DEBUG:colcon.colcon_core.verb:Building package 'astar_plugin' with the following arguments: {'ament_cmake_args': None, 'build_base': '/home/arvuser/arv-ws/src/nav_infrastructure/build/astar_plugin', 'catkin_cmake_args': None, 'catkin_skip_building_tests': False, 'cmake_args': None, 'cmake_clean_cache': False, 'cmake_clean_first': False, 'cmake_force_configure': False, 'cmake_target': None, 'cmake_target_skip_unavailable': False, 'install_base': '/home/arvuser/arv-ws/src/nav_infrastructure/install/astar_plugin', 'merge_install': False, 'path': '/home/arvuser/arv-ws/src/nav_infrastructure/astar_plugin', 'symlink_install': False, 'test_result_base': None}
[0.603s] Level 5:colcon.colcon_core.verb:set package 'example_path_planner_plugin' build argument 'cmake_args' from command line to 'None'
[0.603s] Level 5:colcon.colcon_core.verb:set package 'example_path_planner_plugin' build argument 'cmake_target' from command line to 'None'
[0.603s] Level 5:colcon.colcon_core.verb:set package 'example_path_planner_plugin' build argument 'cmake_target_skip_unavailable' from command line to 'False'
[0.603s] Level 5:colcon.colcon_core.verb:set package 'example_path_planner_plugin' build argument 'cmake_clean_cache' from command line to 'False'
[0.603s] Level 5:colcon.colcon_core.verb:set package 'example_path_planner_plugin' build argument 'cmake_clean_first' from command line to 'False'
[0.603s] Level 5:colcon.colcon_core.verb:set package 'example_path_planner_plugin' build argument 'cmake_force_configure' from command line to 'False'
[0.603s] Level 5:colcon.colcon_core.verb:set package 'example_path_planner_plugin' build argument 'ament_cmake_args' from command line to 'None'
[0.603s] Level 5:colcon.colcon_core.verb:set package 'example_path_planner_plugin' build argument 'catkin_cmake_args' from command line to 'None'
[0.603s] Level 5:colcon.colcon_core.verb:set package 'example_path_planner_plugin' build argument 'catkin_skip_building_tests' from command line to 'False'
[0.603s] DEBUG:colcon.colcon_core.verb:Building package 'example_path_planner_plugin' with the following arguments: {'ament_cmake_args': None, 'build_base': '/home/arvuser/arv-ws/src/nav_infrastructure/build/example_path_planner_plugin', 'catkin_cmake_args': None, 'catkin_skip_building_tests': False, 'cmake_args': None, 'cmake_clean_cache': False, 'cmake_clean_first': False, 'cmake_force_configure': False, 'cmake_target': None, 'cmake_target_skip_unavailable': False, 'install_base': '/home/arvuser/arv-ws/src/nav_infrastructure/install/example_path_planner_plugin', 'merge_install': False, 'path': '/home/arvuser/arv-ws/src/nav_infrastructure/example_plugins/example_path_planner_plugin', 'symlink_install': False, 'test_result_base': None}
[0.603s] INFO:colcon.colcon_core.executor:Executing jobs using 'parallel' executor
[0.604s] DEBUG:colcon.colcon_parallel_executor.executor.parallel:run_until_complete
[0.606s] INFO:colcon.colcon_ros.task.ament_cmake.build:Building ROS package in '/home/arvuser/arv-ws/src/nav_infrastructure/infra_common' with build type 'ament_cmake'
[0.606s] INFO:colcon.colcon_cmake.task.cmake.build:Building CMake package in '/home/arvuser/arv-ws/src/nav_infrastructure/infra_common'
[0.614s] INFO:colcon.colcon_core.plugin_system:Skipping extension 'colcon_core.shell.bat': Not used on non-Windows systems
[0.614s] INFO:colcon.colcon_core.shell:Skip shell extension 'powershell' for command environment: Not usable outside of PowerShell
[0.614s] DEBUG:colcon.colcon_core.shell:Skip shell extension 'dsv' for command environment
[0.622s] INFO:colcon.colcon_ros.task.ament_cmake.build:Building ROS package in '/home/arvuser/arv-ws/src/nav_infrastructure/infra_interfaces' with build type 'ament_cmake'
[0.622s] INFO:colcon.colcon_cmake.task.cmake.build:Building CMake package in '/home/arvuser/arv-ws/src/nav_infrastructure/infra_interfaces'
[0.623s] INFO:colcon.colcon_core.shell:Skip shell extension 'powershell' for command environment: Not usable outside of PowerShell
[0.623s] DEBUG:colcon.colcon_core.shell:Skip shell extension 'dsv' for command environment
[0.636s] DEBUG:colcon.colcon_core.event_handler.log_command:Invoking command in '/home/arvuser/arv-ws/src/nav_infrastructure/build/infra_common': CMAKE_PREFIX_PATH=/opt/ros/humble /usr/bin/cmake /home/arvuser/arv-ws/src/nav_infrastructure/infra_common -DCMAKE_INSTALL_PREFIX=/home/arvuser/arv-ws/src/nav_infrastructure/install/infra_common
[0.654s] DEBUG:colcon.colcon_core.event_handler.log_command:Invoking command in '/home/arvuser/arv-ws/src/nav_infrastructure/build/infra_interfaces': CMAKE_PREFIX_PATH=/opt/ros/humble /usr/bin/cmake /home/arvuser/arv-ws/src/nav_infrastructure/infra_interfaces -DCMAKE_INSTALL_PREFIX=/home/arvuser/arv-ws/src/nav_infrastructure/install/infra_interfaces
[2.611s] DEBUG:colcon.colcon_parallel_executor.executor.parallel:run_until_complete was interrupted
[2.612s] DEBUG:colcon.colcon_parallel_executor.executor.parallel:run_until_complete again
[2.615s] Level 1:colcon.colcon_core.environment:create_environment_scripts_only(infra_common)
[2.616s] DEBUG:colcon.colcon_core.event_handler.log_command:Invoked command in '/home/arvuser/arv-ws/src/nav_infrastructure/build/infra_common' returned '-2': CMAKE_PREFIX_PATH=/opt/ros/humble /usr/bin/cmake /home/arvuser/arv-ws/src/nav_infrastructure/infra_common -DCMAKE_INSTALL_PREFIX=/home/arvuser/arv-ws/src/nav_infrastructure/install/infra_common
[2.628s] Level 1:colcon.colcon_core.environment:checking '/home/arvuser/arv-ws/src/nav_infrastructure/install/infra_common' for CMake module files
[2.629s] Level 1:colcon.colcon_core.environment:checking '/home/arvuser/arv-ws/src/nav_infrastructure/install/infra_common' for CMake config files
[2.629s] Level 1:colcon.colcon_core.environment:checking '/home/arvuser/arv-ws/src/nav_infrastructure/install/infra_common/bin'
[2.629s] Level 1:colcon.colcon_core.environment:checking '/home/arvuser/arv-ws/src/nav_infrastructure/install/infra_common/lib/pkgconfig/infra_common.pc'
[2.630s] Level 1:colcon.colcon_core.environment:checking '/home/arvuser/arv-ws/src/nav_infrastructure/install/infra_common/lib/python3.10/site-packages'
[2.630s] Level 1:colcon.colcon_core.environment:checking '/home/arvuser/arv-ws/src/nav_infrastructure/install/infra_common/bin'
[2.630s] INFO:colcon.colcon_core.shell:Creating package script '/home/arvuser/arv-ws/src/nav_infrastructure/install/infra_common/share/infra_common/package.ps1'
[2.633s] INFO:colcon.colcon_core.shell:Creating package descriptor '/home/arvuser/arv-ws/src/nav_infrastructure/install/infra_common/share/infra_common/package.dsv'
[2.636s] INFO:colcon.colcon_core.shell:Creating package script '/home/arvuser/arv-ws/src/nav_infrastructure/install/infra_common/share/infra_common/package.sh'
[2.637s] INFO:colcon.colcon_core.shell:Creating package script '/home/arvuser/arv-ws/src/nav_infrastructure/install/infra_common/share/infra_common/package.bash'
[2.639s] INFO:colcon.colcon_core.shell:Creating package script '/home/arvuser/arv-ws/src/nav_infrastructure/install/infra_common/share/infra_common/package.zsh'
[2.642s] Level 1:colcon.colcon_core.environment:create_file_with_runtime_dependencies(/home/arvuser/arv-ws/src/nav_infrastructure/install/infra_common/share/colcon-core/packages/infra_common)
[2.653s] DEBUG:colcon.colcon_parallel_executor.executor.parallel:run_until_complete finished
[2.653s] DEBUG:colcon.colcon_parallel_executor.executor.parallel:closing loop
[2.653s] DEBUG:colcon.colcon_parallel_executor.executor.parallel:loop closed
[2.653s] DEBUG:colcon.colcon_core.event_reactor:joining thread
[2.673s] INFO:colcon.colcon_core.plugin_system:Skipping extension 'colcon_notification.desktop_notification.terminal_notifier': Not used on non-Darwin systems
[2.673s] INFO:colcon.colcon_core.plugin_system:Skipping extension 'colcon_notification.desktop_notification.win32': Not used on non-Windows systems
[2.673s] INFO:colcon.colcon_notification.desktop_notification:Sending desktop notification using 'notify2'
[2.744s] DEBUG:colcon.colcon_core.event_reactor:joined thread
[2.745s] INFO:colcon.colcon_core.shell:Creating prefix script '/home/arvuser/arv-ws/src/nav_infrastructure/install/local_setup.ps1'
[2.746s] INFO:colcon.colcon_core.shell:Creating prefix util module '/home/arvuser/arv-ws/src/nav_infrastructure/install/_local_setup_util_ps1.py'
[2.749s] INFO:colcon.colcon_core.shell:Creating prefix chain script '/home/arvuser/arv-ws/src/nav_infrastructure/install/setup.ps1'
[2.751s] INFO:colcon.colcon_core.shell:Creating prefix script '/home/arvuser/arv-ws/src/nav_infrastructure/install/local_setup.sh'
[2.753s] INFO:colcon.colcon_core.shell:Creating prefix util module '/home/arvuser/arv-ws/src/nav_infrastructure/install/_local_setup_util_sh.py'
[2.756s] INFO:colcon.colcon_core.shell:Creating prefix chain script '/home/arvuser/arv-ws/src/nav_infrastructure/install/setup.sh'
[2.759s] INFO:colcon.colcon_core.shell:Creating prefix script '/home/arvuser/arv-ws/src/nav_infrastructure/install/local_setup.bash'
[2.762s] INFO:colcon.colcon_core.shell:Creating prefix chain script '/home/arvuser/arv-ws/src/nav_infrastructure/install/setup.bash'
[2.765s] INFO:colcon.colcon_core.shell:Creating prefix script '/home/arvuser/arv-ws/src/nav_infrastructure/install/local_setup.zsh'
[2.767s] INFO:colcon.colcon_core.shell:Creating prefix chain script '/home/arvuser/arv-ws/src/nav_infrastructure/install/setup.zsh'
